<?xml version="1.0" encoding="UTF-8"?>
<testng-results skipped="0" failed="0" ignored="0" total="1" passed="1">
  <reporter-output>
  </reporter-output>
  <suite name="Suite" duration-ms="93814" started-at="2022-05-19T02:09:11 IST" finished-at="2022-05-19T02:10:45 IST">
    <groups>
    </groups>
    <test name="Test" duration-ms="93814" started-at="2022-05-19T02:09:11 IST" finished-at="2022-05-19T02:10:45 IST">
      <class name="com.runner.MainClass">
        <test-method status="PASS" signature="start()[pri:0, instance:com.runner.MainClass@7113b13f]" name="start" is-config="true" duration-ms="931" started-at="2022-05-19T02:09:11 IST" finished-at="2022-05-19T02:09:11 IST">
          <reporter-output>
          </reporter-output>
        </test-method> <!-- start -->
        <test-method status="PASS" signature="setup()[pri:0, instance:com.runner.MainClass@7113b13f]" name="setup" is-config="true" duration-ms="12719" started-at="2022-05-19T02:09:11 IST" finished-at="2022-05-19T02:09:24 IST">
          <reporter-output>
          </reporter-output>
        </test-method> <!-- setup -->
        <test-method status="PASS" signature="newOne()[pri:0, instance:com.runner.MainClass@7113b13f]" name="newOne" duration-ms="79370" started-at="2022-05-19T02:09:24 IST" finished-at="2022-05-19T02:10:44 IST">
          <reporter-output>
          </reporter-output>
        </test-method> <!-- newOne -->
        <test-method status="PASS" signature="ssMethod(org.testng.ITestResult)[pri:0, instance:com.runner.MainClass@7113b13f]" name="ssMethod" is-config="true" duration-ms="925" started-at="2022-05-19T02:10:44 IST" finished-at="2022-05-19T02:10:45 IST">
          <params>
            <param index="0">
              <value>
                <![CDATA[[TestResult name=newOne status=SUCCESS method=MainClass.newOne()[pri:0, instance:com.runner.MainClass@7113b13f] output={null}]]]>
              </value>
            </param>
          </params>
          <reporter-output>
          </reporter-output>
        </test-method> <!-- ssMethod -->
        <test-method status="PASS" signature="close()[pri:0, instance:com.runner.MainClass@7113b13f]" name="close" is-config="true" duration-ms="766" started-at="2022-05-19T02:10:45 IST" finished-at="2022-05-19T02:10:45 IST">
          <reporter-output>
          </reporter-output>
        </test-method> <!-- close -->
      </class> <!-- com.runner.MainClass -->
    </test> <!-- Test -->
  </suite> <!-- Suite -->
</testng-results>
